<?xml version="1.0" encoding="UTF-8"?>
<testng-results total="4" passed="4" failed="0" skipped="0">
  <reporter-output>
  </reporter-output>
  <suite started-at="2022-07-20T07:43:29Z" name="Suite" finished-at="2022-07-20T07:43:29Z" duration-ms="74">
    <groups>
    </groups>
    <test started-at="2022-07-20T07:43:29Z" name="Test" finished-at="2022-07-20T07:43:29Z" duration-ms="74">
      <class name="selenium_git.Practicetest">
        <test-method signature="demo()[pri:0, instance:selenium_git.Practicetest@6f6745d6]" started-at="2022-07-20T13:13:29Z" name="demo" finished-at="2022-07-20T13:13:29Z" duration-ms="29" status="PASS">
          <reporter-output>
          </reporter-output>
        </test-method> <!-- demo -->
        <test-method signature="demo2()[pri:0, instance:selenium_git.Practicetest@6f6745d6]" started-at="2022-07-20T13:13:29Z" name="demo2" finished-at="2022-07-20T13:13:29Z" duration-ms="28" status="PASS">
          <reporter-output>
          </reporter-output>
        </test-method> <!-- demo2 -->
      </class> <!-- selenium_git.Practicetest -->
      <class name="selenium_git.practice2test">
        <test-method signature="demo1()[pri:0, instance:selenium_git.practice2test@1e4d3ce5]" started-at="2022-07-20T13:13:29Z" name="demo1" finished-at="2022-07-20T13:13:29Z" duration-ms="29" status="PASS">
          <reporter-output>
          </reporter-output>
        </test-method> <!-- demo1 -->
        <test-method signature="demo2()[pri:0, instance:selenium_git.practice2test@1e4d3ce5]" started-at="2022-07-20T13:13:29Z" name="demo2" finished-at="2022-07-20T13:13:29Z" duration-ms="27" status="PASS">
          <reporter-output>
          </reporter-output>
        </test-method> <!-- demo2 -->
      </class> <!-- selenium_git.practice2test -->
    </test> <!-- Test -->
  </suite> <!-- Suite -->
</testng-results>
