<?xml version="1.0" encoding="UTF-8"?>
<!-- Generated by org.testng.reporters.JUnitXMLReporter -->
<testsuite hostname="DESKTOP-435L2RI" failures="0" tests="4" name="Test" time="0.074" errors="0" timestamp="20 Jul 2022 07:43:29 GMT">
  <testcase classname="selenium_git.practice2test" name="demo2" time="0.027"/>
  <testcase classname="selenium_git.Practicetest" name="demo2" time="0.028"/>
  <testcase classname="selenium_git.practice2test" name="demo1" time="0.029"/>
  <testcase classname="selenium_git.Practicetest" name="demo" time="0.029"/>
</testsuite> <!-- Test -->
